2025-01-26 22:45:48,616 INFO o.a.j.u.JMeterUtils: Setting Locale to en_EN
2025-01-26 22:45:48,632 INFO o.a.j.JMeter: Loading user properties from: C:\Users\carba\Desktop\apache-jmeter-5.6.3\apache-jmeter-5.6.3\bin\user.properties
2025-01-26 22:45:48,632 INFO o.a.j.JMeter: Loading system properties from: C:\Users\carba\Desktop\apache-jmeter-5.6.3\apache-jmeter-5.6.3\bin\system.properties
2025-01-26 22:45:48,650 INFO o.a.j.JMeter: Copyright (c) 1998-2024 The Apache Software Foundation
2025-01-26 22:45:48,650 INFO o.a.j.JMeter: Version 5.6.3
2025-01-26 22:45:48,650 INFO o.a.j.JMeter: java.version=17.0.12
2025-01-26 22:45:48,650 INFO o.a.j.JMeter: java.vm.name=Java HotSpot(TM) 64-Bit Server VM
2025-01-26 22:45:48,650 INFO o.a.j.JMeter: os.name=Windows 11
2025-01-26 22:45:48,650 INFO o.a.j.JMeter: os.arch=amd64
2025-01-26 22:45:48,650 INFO o.a.j.JMeter: os.version=10.0
2025-01-26 22:45:48,650 INFO o.a.j.JMeter: file.encoding=Cp1252
2025-01-26 22:45:48,650 INFO o.a.j.JMeter: java.awt.headless=true
2025-01-26 22:45:48,650 INFO o.a.j.JMeter: Max memory     =1073741824
2025-01-26 22:45:48,650 INFO o.a.j.JMeter: Available Processors =8
2025-01-26 22:45:48,658 INFO o.a.j.JMeter: Default Locale=English (EN)
2025-01-26 22:45:48,658 INFO o.a.j.JMeter: JMeter  Locale=English (EN)
2025-01-26 22:45:48,658 INFO o.a.j.JMeter: JMeterHome=C:\Users\carba\Desktop\apache-jmeter-5.6.3\apache-jmeter-5.6.3
2025-01-26 22:45:48,658 INFO o.a.j.JMeter: user.dir  =C:\ProgramData\Jenkins\.jenkins\workspace\CasoPractico2.2
2025-01-26 22:45:48,658 INFO o.a.j.JMeter: PWD       =C:\ProgramData\Jenkins\.jenkins\workspace\CasoPractico2.2
2025-01-26 22:45:48,658 INFO o.a.j.JMeter: IP: 192.168.0.228 Name: PC FullName: host.docker.internal
2025-01-26 22:45:48,679 INFO o.a.j.s.FileServer: Default base='C:\ProgramData\Jenkins\.jenkins\workspace\CasoPractico2.2'
2025-01-26 22:45:48,679 INFO o.a.j.s.FileServer: Set new base='C:\ProgramData\Jenkins\.jenkins\workspace\CasoPractico2.2\test\jmeter'
2025-01-26 22:45:48,843 INFO o.a.j.s.SaveService: Testplan (JMX) version: 2.2. Testlog (JTL) version: 2.2
2025-01-26 22:45:48,869 INFO o.a.j.s.SaveService: Using SaveService properties version 5.0
2025-01-26 22:45:48,869 INFO o.a.j.s.SaveService: Using SaveService properties file encoding UTF-8
2025-01-26 22:45:48,869 INFO o.a.j.s.SaveService: Loading file: test\jmeter\flask.jmx
2025-01-26 22:45:48,917 INFO o.a.j.p.h.s.HTTPSamplerBase: Parser for text/html is org.apache.jmeter.protocol.http.parser.LagartoBasedHtmlParser
2025-01-26 22:45:48,917 INFO o.a.j.p.h.s.HTTPSamplerBase: Parser for application/xhtml+xml is org.apache.jmeter.protocol.http.parser.LagartoBasedHtmlParser
2025-01-26 22:45:48,917 INFO o.a.j.p.h.s.HTTPSamplerBase: Parser for application/xml is org.apache.jmeter.protocol.http.parser.LagartoBasedHtmlParser
2025-01-26 22:45:48,917 INFO o.a.j.p.h.s.HTTPSamplerBase: Parser for text/xml is org.apache.jmeter.protocol.http.parser.LagartoBasedHtmlParser
2025-01-26 22:45:48,917 INFO o.a.j.p.h.s.HTTPSamplerBase: Parser for text/vnd.wap.wml is org.apache.jmeter.protocol.http.parser.RegexpHTMLParser
2025-01-26 22:45:48,917 INFO o.a.j.p.h.s.HTTPSamplerBase: Parser for text/css is org.apache.jmeter.protocol.http.parser.CssParser
2025-01-26 22:45:48,935 INFO o.a.j.JMeter: Creating summariser <summary>
2025-01-26 22:45:48,949 INFO o.a.j.e.StandardJMeterEngine: Running the test!
2025-01-26 22:45:48,949 INFO o.a.j.s.SampleEvent: List of sample_variables: []
2025-01-26 22:45:48,949 INFO o.a.j.s.SampleEvent: List of sample_variables: []
2025-01-26 22:45:48,955 INFO o.a.j.e.u.CompoundVariable: Note: Function class names must contain the string: '.functions.'
2025-01-26 22:45:48,955 INFO o.a.j.e.u.CompoundVariable: Note: Function class names must not contain the string: '.gui.'
2025-01-26 22:45:49,004 INFO o.a.j.JMeter: Running test (1737927949004)
2025-01-26 22:45:49,021 INFO o.a.j.e.StandardJMeterEngine: Starting ThreadGroup: 1 : Thread Group
2025-01-26 22:45:49,021 INFO o.a.j.e.StandardJMeterEngine: Starting 5 threads for group Thread Group.
2025-01-26 22:45:49,021 INFO o.a.j.e.StandardJMeterEngine: Thread will continue on error
2025-01-26 22:45:49,021 INFO o.a.j.t.ThreadGroup: Starting thread group... number=1 threads=5 ramp-up=1 delayedStart=false
2025-01-26 22:45:49,028 INFO o.a.j.t.ThreadGroup: Started thread group number 1
2025-01-26 22:45:49,029 INFO o.a.j.e.StandardJMeterEngine: All thread groups have been started
2025-01-26 22:45:49,029 INFO o.a.j.t.JMeterThread: Thread started: Thread Group 1-1
2025-01-26 22:45:49,039 INFO o.a.j.p.h.s.HTTPHCAbstractImpl: Local host = PC
2025-01-26 22:45:49,043 INFO o.a.j.p.h.s.HTTPHC4Impl: HTTP request retry count = 0
2025-01-26 22:45:49,044 INFO o.a.j.s.SampleResult: Note: Sample TimeStamps are START times
2025-01-26 22:45:49,044 INFO o.a.j.s.SampleResult: sampleresult.default.encoding is set to UTF-8
2025-01-26 22:45:49,044 INFO o.a.j.s.SampleResult: sampleresult.useNanoTime=true
2025-01-26 22:45:49,044 INFO o.a.j.s.SampleResult: sampleresult.nanoThreadSleep=5000
2025-01-26 22:45:49,224 INFO o.a.j.t.JMeterThread: Thread started: Thread Group 1-2
2025-01-26 22:45:49,326 INFO o.a.j.t.JMeterThread: Thread is done: Thread Group 1-1
2025-01-26 22:45:49,326 INFO o.a.j.t.JMeterThread: Thread finished: Thread Group 1-1
2025-01-26 22:45:49,424 INFO o.a.j.t.JMeterThread: Thread started: Thread Group 1-3
2025-01-26 22:45:49,433 INFO o.a.j.t.JMeterThread: Thread is done: Thread Group 1-2
2025-01-26 22:45:49,433 INFO o.a.j.t.JMeterThread: Thread finished: Thread Group 1-2
2025-01-26 22:45:49,592 INFO o.a.j.t.JMeterThread: Thread is done: Thread Group 1-3
2025-01-26 22:45:49,593 INFO o.a.j.t.JMeterThread: Thread finished: Thread Group 1-3
2025-01-26 22:45:49,623 INFO o.a.j.t.JMeterThread: Thread started: Thread Group 1-4
2025-01-26 22:45:49,788 INFO o.a.j.t.JMeterThread: Thread is done: Thread Group 1-4
2025-01-26 22:45:49,788 INFO o.a.j.t.JMeterThread: Thread finished: Thread Group 1-4
2025-01-26 22:45:49,824 INFO o.a.j.t.JMeterThread: Thread started: Thread Group 1-5
2025-01-26 22:45:49,969 INFO o.a.j.t.JMeterThread: Thread is done: Thread Group 1-5
2025-01-26 22:45:49,969 INFO o.a.j.t.JMeterThread: Thread finished: Thread Group 1-5
2025-01-26 22:45:49,969 INFO o.a.j.e.StandardJMeterEngine: Notifying test listeners of end of test
2025-01-26 22:45:49,969 INFO o.a.j.r.Summariser: summary =    400 in 00:00:01 =  414.5/s Avg:     2 Min:     1 Max:    21 Err:     0 (0.00%)
